nohup: ignoring input

> icon-dapp@0.1.0 dev
> next dev

  ▲ Next.js 13.5.11
  - Local:        http://localhost:3000
  - Environments: .env.local

 ✓ Ready in 2.2s
 ⚠ Your project has `@next/font` installed as a dependency, please use the built-in `next/font` instead. The `@next/font` package will be removed in Next.js 14. You can migrate by running `npx @next/codemod@latest built-in-next-font .`. Read more: https://nextjs.org/docs/messages/built-in-next-font
 ○ Compiling / ...
 ✓ Compiled / in 18.5s (5820 modules)
 ✓ Compiled in 2.4s (5820 modules)
Image with src "/tokenomics-light.png" has legacy prop "layout". Did you forget to run the codemod?
Read more: https://nextjs.org/docs/messages/next-image-upgrade-to-13
Image with src "/tokenomics-light.png" has legacy prop "objectFit". Did you forget to run the codemod?
Read more: https://nextjs.org/docs/messages/next-image-upgrade-to-13
Warning: React does not recognize the `fetchPriority` prop on a DOM element. If you intentionally want it to appear in the DOM as a custom attribute, spell it as lowercase `fetchpriority` instead. If you accidentally passed it from a parent component, remove it from the DOM element.
    at img
    at eval (webpack-internal:///./node_modules/next/dist/client/image-component.js:131:11)
    at eval (webpack-internal:///./node_modules/next/dist/client/image-component.js:238:47)
    at div
    at div
    at div
    at div
    at div
    at TokenomicsComponent (webpack-internal:///./components/HomePage/TokenomicsComponent.jsx:90:32)
    at main
    at div
    at Home (webpack-internal:///./pages/index.js:27:88)
    at Web3Provider (webpack-internal:///./context/Web3Provider.js:47:25)
    at ToastProvider (webpack-internal:///./context/ToastContext.js:51:30)
    at div
    at ModalProvider (file:///home/ubuntu/Presale_savitri_node/node_modules/@rainbow-me/rainbowkit/dist/index.js:6220:26)
    at ShowBalanceProvider (file:///home/ubuntu/Presale_savitri_node/node_modules/@rainbow-me/rainbowkit/dist/index.js:1101:32)
    at TransactionStoreProvider (file:///home/ubuntu/Presale_savitri_node/node_modules/@rainbow-me/rainbowkit/dist/index.js:1593:3)
    at ModalSizeProvider (file:///home/ubuntu/Presale_savitri_node/node_modules/@rainbow-me/rainbowkit/dist/index.js:1800:3)
    at I18nProvider (file:///home/ubuntu/Presale_savitri_node/node_modules/@rainbow-me/rainbowkit/dist/index.js:786:23)
    at WalletButtonProvider (file:///home/ubuntu/Presale_savitri_node/node_modules/@rainbow-me/rainbowkit/dist/index.js:1774:33)
    at RainbowKitChainProvider (file:///home/ubuntu/Presale_savitri_node/node_modules/@rainbow-me/rainbowkit/dist/index.js:1059:3)
    at RainbowKitProvider (file:///home/ubuntu/Presale_savitri_node/node_modules/@rainbow-me/rainbowkit/dist/index.js:2598:3)
    at QueryClientProvider (file:///home/ubuntu/Presale_savitri_node/node_modules/@tanstack/react-query/build/modern/QueryClientProvider.js:20:3)
    at Hydrate (file:///home/ubuntu/Presale_savitri_node/node_modules/wagmi/dist/esm/hydrate.js:5:13)
    at WagmiProvider (file:///home/ubuntu/Presale_savitri_node/node_modules/wagmi/dist/esm/context.js:6:13)
    at MyApp (webpack-internal:///./pages/_app.js:33:18)
    at StyleRegistry (/home/ubuntu/Presale_savitri_node/node_modules/styled-jsx/dist/index/index.js:449:36)
    at ek (/home/ubuntu/Presale_savitri_node/node_modules/next/dist/compiled/next-server/pages.runtime.dev.js:30:13126)
    at eY (/home/ubuntu/Presale_savitri_node/node_modules/next/dist/compiled/next-server/pages.runtime.dev.js:39:1766)
    at eV (/home/ubuntu/Presale_savitri_node/node_modules/next/dist/compiled/next-server/pages.runtime.dev.js:39:3110)
    at div
    at e1 (/home/ubuntu/Presale_savitri_node/node_modules/next/dist/compiled/next-server/pages.runtime.dev.js:48:761)
Warning: A title element received an array with more than 1 element as children. In browsers title Elements can only have Text Nodes as children. If the children being rendered output more than a single text node in aggregate the browser will display markup and comments as text in the title and hydration will likely fail and fall back to client rendering
    at title
    at head
    at Head (webpack-internal:///./node_modules/next/dist/pages/_document.js:258:1)
    at html
    at Html (webpack-internal:///./node_modules/next/dist/pages/_document.js:676:132)
    at Document (webpack-internal:///./node_modules/next/dist/pages/_document.js:692:1)
[Reown Config] Failed to fetch remote project configuration. Using local/default values. Error: HTTP status code: 403
    at fetchData (file:///home/ubuntu/Presale_savitri_node/node_modules/@reown/appkit-controllers/dist/esm/src/utils/FetchUtil.js:5:21)
    at process.processTicksAndRejections (node:internal/process/task_queues:95:5)
    at async FetchUtil.get (file:///home/ubuntu/Presale_savitri_node/node_modules/@reown/appkit-controllers/dist/esm/src/utils/FetchUtil.js:20:26)
    at async Object.fetchProjectConfig (file:///home/ubuntu/Presale_savitri_node/node_modules/@reown/appkit-controllers/dist/esm/src/controllers/ApiController.js:101:26)
    at async Object.fetchRemoteFeatures (file:///home/ubuntu/Presale_savitri_node/node_modules/@reown/appkit/dist/esm/src/utils/ConfigUtil.js:179:32)
    at async AppKit.initialize (file:///home/ubuntu/Presale_savitri_node/node_modules/@reown/appkit/dist/esm/src/client/appkit-base-client.js:195:31) {
  [cause]: Response {
    status: 403,
    statusText: 'Forbidden',
    headers: Headers {
      date: 'Fri, 25 Jul 2025 14:17:46 GMT',
      'content-type': 'text/plain; charset=UTF-8',
      'content-length': '9',
      connection: 'keep-alive',
      'access-control-allow-origin': '*',
      'cache-control': 'public, max-age=300, s-maxage=300',
      vary: 'Accept-Encoding',
      server: 'cloudflare',
      'cf-ray': '964c4863ea6e2bc1-FRA',
      'alt-svc': 'h3=":443"; ma=86400'
    },
    body: ReadableStream { locked: false, state: 'readable', supportsBYOB: true },
    bodyUsed: false,
    ok: false,
    redirected: false,
    type: 'basic',
    url: 'https://api.web3modal.org/appkit/v1/config?projectId=132a2af7-762b-4cb5-9552-27ddec3eade3&st=appkit&sv=html-core-1.7.8'
  }
}
Warning: A title element received an array with more than 1 element as children. In browsers title Elements can only have Text Nodes as children. If the children being rendered output more than a single text node in aggregate the browser will display markup and comments as text in the title and hydration will likely fail and fall back to client rendering
    at title
    at head
    at Head (webpack-internal:///./node_modules/next/dist/pages/_document.js:258:1)
    at html
    at Html (webpack-internal:///./node_modules/next/dist/pages/_document.js:676:132)
    at Document (webpack-internal:///./node_modules/next/dist/pages/_document.js:692:1)
